Determining if the pthread_create exist failed with the following output:
Change Dir: /home/kaai/catkin_ws/src/KaAI_CAN/CMakeFiles/CMakeTmp

Run Build Command:"/usr/bin/make" "cmTC_1fd5a/fast"
/usr/bin/make -f CMakeFiles/cmTC_1fd5a.dir/build.make CMakeFiles/cmTC_1fd5a.dir/build
make[1]: 디렉터리 '/home/kaai/catkin_ws/src/KaAI_CAN/CMakeFiles/CMakeTmp' 들어감
Building C object CMakeFiles/cmTC_1fd5a.dir/CheckSymbolExists.c.o
/usr/bin/cc    -o CMakeFiles/cmTC_1fd5a.dir/CheckSymbolExists.c.o   -c /home/kaai/catkin_ws/src/KaAI_CAN/CMakeFiles/CMakeTmp/CheckSymbolExists.c
Linking C executable cmTC_1fd5a
/usr/bin/cmake -E cmake_link_script CMakeFiles/cmTC_1fd5a.dir/link.txt --verbose=1
/usr/bin/cc      -rdynamic CMakeFiles/cmTC_1fd5a.dir/CheckSymbolExists.c.o  -o cmTC_1fd5a 
CMakeFiles/cmTC_1fd5a.dir/CheckSymbolExists.c.o: In function `main':
CheckSymbolExists.c:(.text+0x1b): undefined reference to `pthread_create'
collect2: error: ld returned 1 exit status
CMakeFiles/cmTC_1fd5a.dir/build.make:97: recipe for target 'cmTC_1fd5a' failed
make[1]: *** [cmTC_1fd5a] Error 1
make[1]: 디렉터리 '/home/kaai/catkin_ws/src/KaAI_CAN/CMakeFiles/CMakeTmp' 나감
Makefile:126: recipe for target 'cmTC_1fd5a/fast' failed
make: *** [cmTC_1fd5a/fast] Error 2

File /home/kaai/catkin_ws/src/KaAI_CAN/CMakeFiles/CMakeTmp/CheckSymbolExists.c:
/* */
#include <pthread.h>

int main(int argc, char** argv)
{
  (void)argv;
#ifndef pthread_create
  return ((int*)(&pthread_create))[argc];
#else
  (void)argc;
  return 0;
#endif
}

Determining if the function pthread_create exists in the pthreads failed with the following output:
Change Dir: /home/kaai/catkin_ws/src/KaAI_CAN/CMakeFiles/CMakeTmp

Run Build Command:"/usr/bin/make" "cmTC_73cdb/fast"
/usr/bin/make -f CMakeFiles/cmTC_73cdb.dir/build.make CMakeFiles/cmTC_73cdb.dir/build
make[1]: 디렉터리 '/home/kaai/catkin_ws/src/KaAI_CAN/CMakeFiles/CMakeTmp' 들어감
Building C object CMakeFiles/cmTC_73cdb.dir/CheckFunctionExists.c.o
/usr/bin/cc   -DCHECK_FUNCTION_EXISTS=pthread_create   -o CMakeFiles/cmTC_73cdb.dir/CheckFunctionExists.c.o   -c /usr/share/cmake-3.10/Modules/CheckFunctionExists.c
Linking C executable cmTC_73cdb
/usr/bin/cmake -E cmake_link_script CMakeFiles/cmTC_73cdb.dir/link.txt --verbose=1
/usr/bin/cc  -DCHECK_FUNCTION_EXISTS=pthread_create    -rdynamic CMakeFiles/cmTC_73cdb.dir/CheckFunctionExists.c.o  -o cmTC_73cdb -lpthreads 
/usr/bin/ld: cannot find -lpthreads
collect2: error: ld returned 1 exit status
CMakeFiles/cmTC_73cdb.dir/build.make:97: recipe for target 'cmTC_73cdb' failed
make[1]: *** [cmTC_73cdb] Error 1
make[1]: 디렉터리 '/home/kaai/catkin_ws/src/KaAI_CAN/CMakeFiles/CMakeTmp' 나감
Makefile:126: recipe for target 'cmTC_73cdb/fast' failed
make: *** [cmTC_73cdb/fast] Error 2


